2019-09-19 21:28:53.332  INFO 4407 --- [main] c.c.c.ConfigServicePropertySourceLocator : Fetching config from server at : http://localhost:9876
2019-09-19 21:28:58.559  INFO 4407 --- [main] c.c.c.ConfigServicePropertySourceLocator : Located environment: name=tRetailAPI, profiles=[default], label=master, version=e8383d95eff84d2d859737fcc6b77d00fdb98843, state=null
2019-09-19 21:28:58.559  INFO 4407 --- [main] b.c.PropertySourceBootstrapConfiguration : Located property source: CompositePropertySource {name='configService', propertySources=[MapPropertySource {name='configClient'}, MapPropertySource {name='https://github.com/zhaoheting/Spring-Cloud-Config-Example/tRetailAPI.properties'}]}
2019-09-19 21:28:58.638  INFO 4407 --- [main] .z.ZhtSpringCloudConfigClientApplication : The following profiles are active: dev
2019-09-19 21:28:58.665  INFO 4407 --- [main] ConfigServletWebServerApplicationContext : Refreshing org.springframework.boot.web.servlet.context.AnnotationConfigServletWebServerApplicationContext@1a6c1270: startup date [Thu Sep 19 21:28:58 CST 2019]; parent: org.springframework.context.annotation.AnnotationConfigApplicationContext@2d7275fc
2019-09-19 21:28:59.128  INFO 4407 --- [main] o.s.i.config.IntegrationRegistrar        : No bean named 'integrationHeaderChannelRegistry' has been explicitly defined. Therefore, a default DefaultHeaderChannelRegistry will be created.
2019-09-19 21:28:59.163  INFO 4407 --- [main] a.ConfigurationClassBeanDefinitionReader : Skipping bean definition for [BeanMethod:name=configurableCompositeMessageConverter,declaringClass=org.springframework.cloud.stream.config.ContentTypeConfiguration]: a definition for bean 'integrationArgumentResolverMessageConverter' already exists. This top-level bean definition is considered as an override.
2019-09-19 21:28:59.427  INFO 4407 --- [main] o.s.cloud.context.scope.GenericScope     : BeanFactory id=eedc62ec-1387-381d-957e-3bcacc11512e
2019-09-19 21:28:59.442  INFO 4407 --- [main] faultConfiguringBeanFactoryPostProcessor : No bean named 'errorChannel' has been explicitly defined. Therefore, a default PublishSubscribeChannel will be created.
2019-09-19 21:28:59.444  INFO 4407 --- [main] faultConfiguringBeanFactoryPostProcessor : No bean named 'taskScheduler' has been explicitly defined. Therefore, a default ThreadPoolTaskScheduler will be created.
2019-09-19 21:28:59.495  INFO 4407 --- [main] trationDelegate$BeanPostProcessorChecker : Bean 'org.springframework.amqp.rabbit.annotation.RabbitBootstrapConfiguration' of type [org.springframework.amqp.rabbit.annotation.RabbitBootstrapConfiguration$$EnhancerBySpringCGLIB$$b71a2a3e] is not eligible for getting processed by all BeanPostProcessors (for example: not eligible for auto-proxying)
2019-09-19 21:28:59.554  INFO 4407 --- [main] trationDelegate$BeanPostProcessorChecker : Bean 'org.springframework.integration.config.IntegrationManagementConfiguration' of type [org.springframework.integration.config.IntegrationManagementConfiguration$$EnhancerBySpringCGLIB$$5ba0273f] is not eligible for getting processed by all BeanPostProcessors (for example: not eligible for auto-proxying)
2019-09-19 21:28:59.594  INFO 4407 --- [main] trationDelegate$BeanPostProcessorChecker : Bean 'org.springframework.cloud.autoconfigure.ConfigurationPropertiesRebinderAutoConfiguration' of type [org.springframework.cloud.autoconfigure.ConfigurationPropertiesRebinderAutoConfiguration$$EnhancerBySpringCGLIB$$cc86f0d] is not eligible for getting processed by all BeanPostProcessors (for example: not eligible for auto-proxying)
2019-09-19 21:28:59.967  INFO 4407 --- [main] o.s.b.w.embedded.tomcat.TomcatWebServer  : Tomcat initialized with port(s): 8081 (http)
2019-09-19 21:28:59.996  INFO 4407 --- [main] o.apache.catalina.core.StandardService   : Starting service [Tomcat]
2019-09-19 21:28:59.996  INFO 4407 --- [main] org.apache.catalina.core.StandardEngine  : Starting Servlet Engine: Apache Tomcat/8.5.31
2019-09-19 21:29:00.010  INFO 4407 --- [localhost-startStop-1] o.a.catalina.core.AprLifecycleListener   : The APR based Apache Tomcat Native library which allows optimal performance in production environments was not found on the java.library.path: [/Users/zhao/Library/Java/Extensions:/Library/Java/Extensions:/Network/Library/Java/Extensions:/System/Library/Java/Extensions:/usr/lib/java:.]
2019-09-19 21:29:00.138  INFO 4407 --- [localhost-startStop-1] o.a.c.c.C.[Tomcat].[localhost].[/]       : Initializing Spring embedded WebApplicationContext
2019-09-19 21:29:00.138  INFO 4407 --- [localhost-startStop-1] o.s.web.context.ContextLoader            : Root WebApplicationContext: initialization completed in 1473 ms
2019-09-19 21:29:00.300  INFO 4407 --- [localhost-startStop-1] o.s.b.w.servlet.ServletRegistrationBean  : Servlet dispatcherServlet mapped to [/]
2019-09-19 21:29:00.305  INFO 4407 --- [localhost-startStop-1] o.s.b.w.servlet.FilterRegistrationBean   : Mapping filter: 'characterEncodingFilter' to: [/*]
2019-09-19 21:29:00.306  INFO 4407 --- [localhost-startStop-1] o.s.b.w.servlet.FilterRegistrationBean   : Mapping filter: 'hiddenHttpMethodFilter' to: [/*]
2019-09-19 21:29:00.306  INFO 4407 --- [localhost-startStop-1] o.s.b.w.servlet.FilterRegistrationBean   : Mapping filter: 'httpPutFormContentFilter' to: [/*]
2019-09-19 21:29:00.306  INFO 4407 --- [localhost-startStop-1] o.s.b.w.servlet.FilterRegistrationBean   : Mapping filter: 'requestContextFilter' to: [/*]
2019-09-19 21:29:00.623  INFO 4407 --- [main] o.s.w.s.handler.SimpleUrlHandlerMapping  : Mapped URL path [/**/favicon.ico] onto handler of type [class org.springframework.web.servlet.resource.ResourceHttpRequestHandler]
2019-09-19 21:29:00.743  INFO 4407 --- [main] s.w.s.m.m.a.RequestMappingHandlerAdapter : Looking for @ControllerAdvice: org.springframework.boot.web.servlet.context.AnnotationConfigServletWebServerApplicationContext@1a6c1270: startup date [Thu Sep 19 21:28:58 CST 2019]; parent: org.springframework.context.annotation.AnnotationConfigApplicationContext@2d7275fc
2019-09-19 21:29:00.817  INFO 4407 --- [main] s.w.s.m.m.a.RequestMappingHandlerMapping : Mapped "{[/nameFromLocal]}" onto public java.lang.String com.example.zhtSpringCloudConfigClient.controllers.PropertiesController.getName()
2019-09-19 21:29:00.818  INFO 4407 --- [main] s.w.s.m.m.a.RequestMappingHandlerMapping : Mapped "{[/getFromGit]}" onto public java.lang.String com.example.zhtSpringCloudConfigClient.controllers.PropertiesController.test()
2019-09-19 21:29:00.818  INFO 4407 --- [main] s.w.s.m.m.a.RequestMappingHandlerMapping : Mapped "{[/ageFromLocal]}" onto public java.lang.Long com.example.zhtSpringCloudConfigClient.controllers.PropertiesController.getAge()
2019-09-19 21:29:00.820  INFO 4407 --- [main] s.w.s.m.m.a.RequestMappingHandlerMapping : Mapped "{[/error]}" onto public org.springframework.http.ResponseEntity<java.util.Map<java.lang.String, java.lang.Object>> org.springframework.boot.autoconfigure.web.servlet.error.BasicErrorController.error(javax.servlet.http.HttpServletRequest)
2019-09-19 21:29:00.821  INFO 4407 --- [main] s.w.s.m.m.a.RequestMappingHandlerMapping : Mapped "{[/error],produces=[text/html]}" onto public org.springframework.web.servlet.ModelAndView org.springframework.boot.autoconfigure.web.servlet.error.BasicErrorController.errorHtml(javax.servlet.http.HttpServletRequest,javax.servlet.http.HttpServletResponse)
2019-09-19 21:29:00.885  INFO 4407 --- [main] o.s.w.s.handler.SimpleUrlHandlerMapping  : Mapped URL path [/webjars/**] onto handler of type [class org.springframework.web.servlet.resource.ResourceHttpRequestHandler]
2019-09-19 21:29:00.886  INFO 4407 --- [main] o.s.w.s.handler.SimpleUrlHandlerMapping  : Mapped URL path [/**] onto handler of type [class org.springframework.web.servlet.resource.ResourceHttpRequestHandler]
2019-09-19 21:29:00.963  WARN 4407 --- [main] ion$DefaultTemplateResolverConfiguration : Cannot find template location: classpath:/templates/ (please add some templates or check your Thymeleaf configuration)
2019-09-19 21:29:01.401  INFO 4407 --- [main] o.s.s.c.ThreadPoolTaskScheduler          : Initializing ExecutorService  'taskScheduler'
2019-09-19 21:29:01.922  INFO 4407 --- [main] o.s.j.e.a.AnnotationMBeanExporter        : Registering beans for JMX exposure on startup
2019-09-19 21:29:01.932  INFO 4407 --- [main] o.s.j.e.a.AnnotationMBeanExporter        : Bean with name 'rabbitConnectionFactory' has been autodetected for JMX exposure
2019-09-19 21:29:01.933  INFO 4407 --- [main] o.s.j.e.a.AnnotationMBeanExporter        : Bean with name 'integrationMbeanExporter' has been autodetected for JMX exposure
2019-09-19 21:29:01.934  INFO 4407 --- [main] o.s.j.e.a.AnnotationMBeanExporter        : Bean with name 'refreshScope' has been autodetected for JMX exposure
2019-09-19 21:29:01.935  INFO 4407 --- [main] o.s.j.e.a.AnnotationMBeanExporter        : Bean with name 'configurationPropertiesRebinder' has been autodetected for JMX exposure
2019-09-19 21:29:01.936  INFO 4407 --- [main] o.s.j.e.a.AnnotationMBeanExporter        : Bean with name 'environmentManager' has been autodetected for JMX exposure
2019-09-19 21:29:01.939  INFO 4407 --- [main] o.s.j.e.a.AnnotationMBeanExporter        : Located managed bean 'environmentManager': registering with JMX server as MBean [org.springframework.cloud.context.environment:name=environmentManager,type=EnvironmentManager]
2019-09-19 21:29:01.951  INFO 4407 --- [main] o.s.j.e.a.AnnotationMBeanExporter        : Located managed bean 'refreshScope': registering with JMX server as MBean [org.springframework.cloud.context.scope.refresh:name=refreshScope,type=RefreshScope]
2019-09-19 21:29:01.961  INFO 4407 --- [main] o.s.j.e.a.AnnotationMBeanExporter        : Located managed bean 'integrationMbeanExporter': registering with JMX server as MBean [org.springframework.integration.monitor:name=integrationMbeanExporter,type=IntegrationMBeanExporter]
2019-09-19 21:29:01.989  INFO 4407 --- [main] o.s.j.e.a.AnnotationMBeanExporter        : Located managed bean 'configurationPropertiesRebinder': registering with JMX server as MBean [org.springframework.cloud.context.properties:name=configurationPropertiesRebinder,context=1a6c1270,type=ConfigurationPropertiesRebinder]
2019-09-19 21:29:01.996  INFO 4407 --- [main] o.s.j.e.a.AnnotationMBeanExporter        : Located managed bean 'rabbitConnectionFactory': registering with JMX server as MBean [org.springframework.amqp.rabbit.connection:name=rabbitConnectionFactory,type=CachingConnectionFactory]
2019-09-19 21:29:02.012  INFO 4407 --- [main] o.s.i.monitor.IntegrationMBeanExporter   : Registering beans for JMX exposure on startup
2019-09-19 21:29:02.012  INFO 4407 --- [main] o.s.i.monitor.IntegrationMBeanExporter   : Registering MessageChannel errorChannel
2019-09-19 21:29:02.020  INFO 4407 --- [main] o.s.i.monitor.IntegrationMBeanExporter   : Located managed bean 'org.springframework.integration:type=MessageChannel,name=errorChannel': registering with JMX server as MBean [org.springframework.integration:type=MessageChannel,name=errorChannel]
2019-09-19 21:29:02.072  INFO 4407 --- [main] o.s.i.monitor.IntegrationMBeanExporter   : Registering MessageChannel springCloudBusInput
2019-09-19 21:29:02.073  INFO 4407 --- [main] o.s.i.monitor.IntegrationMBeanExporter   : Located managed bean 'org.springframework.integration:type=MessageChannel,name=springCloudBusInput': registering with JMX server as MBean [org.springframework.integration:type=MessageChannel,name=springCloudBusInput]
2019-09-19 21:29:02.083  INFO 4407 --- [main] o.s.i.monitor.IntegrationMBeanExporter   : Registering MessageChannel nullChannel
2019-09-19 21:29:02.084  INFO 4407 --- [main] o.s.i.monitor.IntegrationMBeanExporter   : Located managed bean 'org.springframework.integration:type=MessageChannel,name=nullChannel': registering with JMX server as MBean [org.springframework.integration:type=MessageChannel,name=nullChannel]
2019-09-19 21:29:02.091  INFO 4407 --- [main] o.s.i.monitor.IntegrationMBeanExporter   : Registering MessageChannel springCloudBusOutput
2019-09-19 21:29:02.092  INFO 4407 --- [main] o.s.i.monitor.IntegrationMBeanExporter   : Located managed bean 'org.springframework.integration:type=MessageChannel,name=springCloudBusOutput': registering with JMX server as MBean [org.springframework.integration:type=MessageChannel,name=springCloudBusOutput]
2019-09-19 21:29:02.104  INFO 4407 --- [main] o.s.i.monitor.IntegrationMBeanExporter   : Registering MessageHandler errorLogger
2019-09-19 21:29:02.105  INFO 4407 --- [main] o.s.i.monitor.IntegrationMBeanExporter   : Located managed bean 'org.springframework.integration:type=MessageHandler,name=errorLogger,bean=internal': registering with JMX server as MBean [org.springframework.integration:type=MessageHandler,name=errorLogger,bean=internal]
2019-09-19 21:29:02.167  INFO 4407 --- [main] o.s.integration.channel.DirectChannel    : Channel 'tRetailAPI-1.springCloudBusInput' has 1 subscriber(s).
2019-09-19 21:29:02.169  INFO 4407 --- [main] o.s.c.support.DefaultLifecycleProcessor  : Starting beans in phase -2147482648
2019-09-19 21:29:02.224  INFO 4407 --- [main] c.c.c.ConfigServicePropertySourceLocator : Fetching config from server at : http://localhost:9876
2019-09-19 21:29:07.492  INFO 4407 --- [main] c.c.c.ConfigServicePropertySourceLocator : Located environment: name=tRetailAPI, profiles=[default], label=master, version=e8383d95eff84d2d859737fcc6b77d00fdb98843, state=null
2019-09-19 21:29:07.492  INFO 4407 --- [main] b.c.PropertySourceBootstrapConfiguration : Located property source: CompositePropertySource {name='configService', propertySources=[MapPropertySource {name='configClient'}, MapPropertySource {name='https://github.com/zhaoheting/Spring-Cloud-Config-Example/tRetailAPI.properties'}]}
2019-09-19 21:29:07.505  INFO 4407 --- [main] s.c.a.AnnotationConfigApplicationContext : Refreshing org.springframework.context.annotation.AnnotationConfigApplicationContext@7523a3dc: startup date [Thu Sep 19 21:29:07 CST 2019]; parent: org.springframework.boot.web.servlet.context.AnnotationConfigServletWebServerApplicationContext@1a6c1270
2019-09-19 21:29:07.618  INFO 4407 --- [main] o.s.c.support.GenericApplicationContext  : Refreshing org.springframework.context.support.GenericApplicationContext@53c1179a: startup date [Thu Sep 19 21:29:07 CST 2019]; root of context hierarchy
2019-09-19 21:29:07.795  INFO 4407 --- [main] o.s.a.r.c.CachingConnectionFactory       : Attempting to connect to: [192.168.0.102:5672]
2019-09-19 21:29:07.862  INFO 4407 --- [main] o.s.a.r.c.CachingConnectionFactory       : Created new connection: rabbitConnectionFactory#56a4f272:0/SimpleConnection@1665fa54 [delegate=amqp://admin@192.168.0.102:5672/, localPort= 52336]
2019-09-19 21:29:07.909  INFO 4407 --- [main] o.s.integration.channel.DirectChannel    : Channel 'tRetailAPI-1.springCloudBusOutput' has 1 subscriber(s).
2019-09-19 21:29:07.911  INFO 4407 --- [main] o.s.c.support.DefaultLifecycleProcessor  : Starting beans in phase 0
2019-09-19 21:29:07.911  INFO 4407 --- [main] o.s.i.endpoint.EventDrivenConsumer       : Adding {logging-channel-adapter:_org.springframework.integration.errorLogger} as a subscriber to the 'errorChannel' channel
2019-09-19 21:29:07.911  INFO 4407 --- [main] o.s.i.channel.PublishSubscribeChannel    : Channel 'tRetailAPI-1.errorChannel' has 1 subscriber(s).
2019-09-19 21:29:07.911  INFO 4407 --- [main] o.s.i.endpoint.EventDrivenConsumer       : started _org.springframework.integration.errorLogger
2019-09-19 21:29:07.912  INFO 4407 --- [main] o.s.c.support.DefaultLifecycleProcessor  : Starting beans in phase 2147482647
2019-09-19 21:29:07.935  INFO 4407 --- [main] c.s.b.r.p.RabbitExchangeQueueProvisioner : declaring queue for inbound: springCloudBus.anonymous.yFpnCkpqTKO8C_pxhar-yA, bound to: springCloudBus
2019-09-19 21:29:07.986  INFO 4407 --- [main] o.s.c.stream.binder.BinderErrorChannel   : Channel 'tRetailAPI-1.springCloudBus.anonymous.yFpnCkpqTKO8C_pxhar-yA.errors' has 1 subscriber(s).
2019-09-19 21:29:07.987  INFO 4407 --- [main] o.s.c.stream.binder.BinderErrorChannel   : Channel 'tRetailAPI-1.springCloudBus.anonymous.yFpnCkpqTKO8C_pxhar-yA.errors' has 2 subscriber(s).
2019-09-19 21:29:08.033  INFO 4407 --- [main] o.s.i.a.i.AmqpInboundChannelAdapter      : started inbound.springCloudBus.anonymous.yFpnCkpqTKO8C_pxhar-yA
2019-09-19 21:29:08.035  INFO 4407 --- [main] o.s.c.support.DefaultLifecycleProcessor  : Starting beans in phase 2147483647
2019-09-19 21:29:08.139  INFO 4407 --- [main] o.s.b.w.embedded.tomcat.TomcatWebServer  : Tomcat started on port(s): 8081 (http) with context path ''
2019-09-19 21:29:08.143  INFO 4407 --- [main] .z.ZhtSpringCloudConfigClientApplication : Started ZhtSpringCloudConfigClientApplication in 16.547 seconds (JVM running for 17.288)
2019-09-19 21:30:56.018  INFO 4407 --- [Thread-7] ConfigServletWebServerApplicationContext : Closing org.springframework.boot.web.servlet.context.AnnotationConfigServletWebServerApplicationContext@1a6c1270: startup date [Thu Sep 19 21:28:58 CST 2019]; parent: org.springframework.context.annotation.AnnotationConfigApplicationContext@2d7275fc
2019-09-19 21:30:56.024  INFO 4407 --- [Thread-7] s.c.a.AnnotationConfigApplicationContext : Closing org.springframework.context.annotation.AnnotationConfigApplicationContext@7523a3dc: startup date [Thu Sep 19 21:29:07 CST 2019]; parent: org.springframework.boot.web.servlet.context.AnnotationConfigServletWebServerApplicationContext@1a6c1270
2019-09-19 21:30:56.033  INFO 4407 --- [Thread-7] o.s.c.support.DefaultLifecycleProcessor  : Stopping beans in phase 2147483647
2019-09-19 21:30:56.033  INFO 4407 --- [Thread-7] o.s.c.support.DefaultLifecycleProcessor  : Stopping beans in phase 2147482647
2019-09-19 21:30:56.051  INFO 4407 --- [Thread-7] o.s.a.r.l.SimpleMessageListenerContainer : Waiting for workers to finish.
2019-09-19 21:30:56.355  INFO 4407 --- [Thread-7] o.s.a.r.l.SimpleMessageListenerContainer : Successfully waited for workers to finish.
2019-09-19 21:30:56.355  INFO 4407 --- [Thread-7] o.s.i.a.i.AmqpInboundChannelAdapter      : stopped inbound.springCloudBus.anonymous.yFpnCkpqTKO8C_pxhar-yA
2019-09-19 21:30:56.356  INFO 4407 --- [Thread-7] o.s.c.stream.binder.BinderErrorChannel   : Channel 'tRetailAPI-1.springCloudBus.anonymous.yFpnCkpqTKO8C_pxhar-yA.errors' has 1 subscriber(s).
2019-09-19 21:30:56.357  INFO 4407 --- [Thread-7] o.s.c.stream.binder.BinderErrorChannel   : Channel 'tRetailAPI-1.springCloudBus.anonymous.yFpnCkpqTKO8C_pxhar-yA.errors' has 0 subscriber(s).
2019-09-19 21:30:56.357  INFO 4407 --- [Thread-7] o.s.c.support.DefaultLifecycleProcessor  : Stopping beans in phase 0
2019-09-19 21:30:56.360  INFO 4407 --- [Thread-7] o.s.i.endpoint.EventDrivenConsumer       : Removing {logging-channel-adapter:_org.springframework.integration.errorLogger} as a subscriber to the 'errorChannel' channel
2019-09-19 21:30:56.361  INFO 4407 --- [Thread-7] o.s.i.channel.PublishSubscribeChannel    : Channel 'tRetailAPI-1.errorChannel' has 0 subscriber(s).
2019-09-19 21:30:56.361  INFO 4407 --- [Thread-7] o.s.i.endpoint.EventDrivenConsumer       : stopped _org.springframework.integration.errorLogger
2019-09-19 21:30:56.361  INFO 4407 --- [Thread-7] o.s.c.support.DefaultLifecycleProcessor  : Stopping beans in phase -2147482648
2019-09-19 21:30:56.363  INFO 4407 --- [Thread-7] o.s.s.c.ThreadPoolTaskScheduler          : Shutting down ExecutorService 'taskScheduler'
2019-09-19 21:30:56.364  INFO 4407 --- [Thread-7] o.s.i.monitor.IntegrationMBeanExporter   : Unregistering JMX-exposed beans on shutdown
2019-09-19 21:30:56.365  INFO 4407 --- [Thread-7] o.s.i.monitor.IntegrationMBeanExporter   : Unregistering JMX-exposed beans
2019-09-19 21:30:56.365  INFO 4407 --- [Thread-7] o.s.i.monitor.IntegrationMBeanExporter   : Summary on shutdown: errorChannel
2019-09-19 21:30:56.365  INFO 4407 --- [Thread-7] o.s.i.monitor.IntegrationMBeanExporter   : Summary on shutdown: springCloudBusInput
2019-09-19 21:30:56.365  INFO 4407 --- [Thread-7] o.s.i.monitor.IntegrationMBeanExporter   : Summary on shutdown: nullChannel
2019-09-19 21:30:56.365  INFO 4407 --- [Thread-7] o.s.i.monitor.IntegrationMBeanExporter   : Summary on shutdown: springCloudBusOutput
2019-09-19 21:30:56.365  INFO 4407 --- [Thread-7] o.s.i.monitor.IntegrationMBeanExporter   : Summary on shutdown: _org.springframework.integration.errorLogger.handler
2019-09-19 21:30:56.371  INFO 4407 --- [Thread-7] o.s.j.e.a.AnnotationMBeanExporter        : Unregistering JMX-exposed beans on shutdown
2019-09-19 21:30:56.372  INFO 4407 --- [Thread-7] o.s.j.e.a.AnnotationMBeanExporter        : Unregistering JMX-exposed beans
2019-09-19 21:31:05.513  INFO 4480 --- [main] c.c.c.ConfigServicePropertySourceLocator : Fetching config from server at : http://localhost:9876
2019-09-19 21:31:07.595  INFO 4480 --- [main] c.c.c.ConfigServicePropertySourceLocator : Located environment: name=tRetailAPI, profiles=[default], label=master, version=e8383d95eff84d2d859737fcc6b77d00fdb98843, state=null
2019-09-19 21:31:07.596  INFO 4480 --- [main] b.c.PropertySourceBootstrapConfiguration : Located property source: CompositePropertySource {name='configService', propertySources=[MapPropertySource {name='configClient'}, MapPropertySource {name='https://github.com/zhaoheting/Spring-Cloud-Config-Example/tRetailAPI.properties'}]}
2019-09-19 21:31:07.727  INFO 4480 --- [main] .z.ZhtSpringCloudConfigClientApplication : The following profiles are active: dev
2019-09-19 21:31:07.751  INFO 4480 --- [main] ConfigServletWebServerApplicationContext : Refreshing org.springframework.boot.web.servlet.context.AnnotationConfigServletWebServerApplicationContext@499b2a5c: startup date [Thu Sep 19 21:31:07 CST 2019]; parent: org.springframework.context.annotation.AnnotationConfigApplicationContext@560348e6
2019-09-19 21:31:08.492  INFO 4480 --- [main] o.s.i.config.IntegrationRegistrar        : No bean named 'integrationHeaderChannelRegistry' has been explicitly defined. Therefore, a default DefaultHeaderChannelRegistry will be created.
2019-09-19 21:31:08.555  INFO 4480 --- [main] a.ConfigurationClassBeanDefinitionReader : Skipping bean definition for [BeanMethod:name=configurableCompositeMessageConverter,declaringClass=org.springframework.cloud.stream.config.ContentTypeConfiguration]: a definition for bean 'integrationArgumentResolverMessageConverter' already exists. This top-level bean definition is considered as an override.
2019-09-19 21:31:09.086  INFO 4480 --- [main] o.s.cloud.context.scope.GenericScope     : BeanFactory id=eedc62ec-1387-381d-957e-3bcacc11512e
2019-09-19 21:31:09.113  INFO 4480 --- [main] faultConfiguringBeanFactoryPostProcessor : No bean named 'errorChannel' has been explicitly defined. Therefore, a default PublishSubscribeChannel will be created.
2019-09-19 21:31:09.115  INFO 4480 --- [main] faultConfiguringBeanFactoryPostProcessor : No bean named 'taskScheduler' has been explicitly defined. Therefore, a default ThreadPoolTaskScheduler will be created.
2019-09-19 21:31:09.273  INFO 4480 --- [main] trationDelegate$BeanPostProcessorChecker : Bean 'org.springframework.amqp.rabbit.annotation.RabbitBootstrapConfiguration' of type [org.springframework.amqp.rabbit.annotation.RabbitBootstrapConfiguration$$EnhancerBySpringCGLIB$$8f24f52a] is not eligible for getting processed by all BeanPostProcessors (for example: not eligible for auto-proxying)
2019-09-19 21:31:09.477  INFO 4480 --- [main] trationDelegate$BeanPostProcessorChecker : Bean 'org.springframework.integration.config.IntegrationManagementConfiguration' of type [org.springframework.integration.config.IntegrationManagementConfiguration$$EnhancerBySpringCGLIB$$33aaf22b] is not eligible for getting processed by all BeanPostProcessors (for example: not eligible for auto-proxying)
2019-09-19 21:31:09.528  INFO 4480 --- [main] trationDelegate$BeanPostProcessorChecker : Bean 'org.springframework.cloud.autoconfigure.ConfigurationPropertiesRebinderAutoConfiguration' of type [org.springframework.cloud.autoconfigure.ConfigurationPropertiesRebinderAutoConfiguration$$EnhancerBySpringCGLIB$$e4d339f9] is not eligible for getting processed by all BeanPostProcessors (for example: not eligible for auto-proxying)
2019-09-19 21:31:09.986  INFO 4480 --- [main] o.s.b.w.embedded.tomcat.TomcatWebServer  : Tomcat initialized with port(s): 8081 (http)
2019-09-19 21:31:10.020  INFO 4480 --- [main] o.apache.catalina.core.StandardService   : Starting service [Tomcat]
2019-09-19 21:31:10.021  INFO 4480 --- [main] org.apache.catalina.core.StandardEngine  : Starting Servlet Engine: Apache Tomcat/8.5.31
2019-09-19 21:31:10.032  INFO 4480 --- [localhost-startStop-1] o.a.catalina.core.AprLifecycleListener   : The APR based Apache Tomcat Native library which allows optimal performance in production environments was not found on the java.library.path: [/Users/zhao/Library/Java/Extensions:/Library/Java/Extensions:/Network/Library/Java/Extensions:/System/Library/Java/Extensions:/usr/lib/java:.]
2019-09-19 21:31:10.177  INFO 4480 --- [localhost-startStop-1] o.a.c.c.C.[Tomcat].[localhost].[/]       : Initializing Spring embedded WebApplicationContext
2019-09-19 21:31:10.178  INFO 4480 --- [localhost-startStop-1] o.s.web.context.ContextLoader            : Root WebApplicationContext: initialization completed in 2427 ms
2019-09-19 21:31:10.395  INFO 4480 --- [localhost-startStop-1] o.s.b.w.servlet.ServletRegistrationBean  : Servlet dispatcherServlet mapped to [/]
2019-09-19 21:31:10.401  INFO 4480 --- [localhost-startStop-1] o.s.b.w.servlet.FilterRegistrationBean   : Mapping filter: 'characterEncodingFilter' to: [/*]
2019-09-19 21:31:10.401  INFO 4480 --- [localhost-startStop-1] o.s.b.w.servlet.FilterRegistrationBean   : Mapping filter: 'hiddenHttpMethodFilter' to: [/*]
2019-09-19 21:31:10.401  INFO 4480 --- [localhost-startStop-1] o.s.b.w.servlet.FilterRegistrationBean   : Mapping filter: 'httpPutFormContentFilter' to: [/*]
2019-09-19 21:31:10.401  INFO 4480 --- [localhost-startStop-1] o.s.b.w.servlet.FilterRegistrationBean   : Mapping filter: 'requestContextFilter' to: [/*]
2019-09-19 21:31:11.956  INFO 4480 --- [main] o.s.w.s.handler.SimpleUrlHandlerMapping  : Mapped URL path [/**/favicon.ico] onto handler of type [class org.springframework.web.servlet.resource.ResourceHttpRequestHandler]
2019-09-19 21:31:12.188  INFO 4480 --- [main] s.w.s.m.m.a.RequestMappingHandlerAdapter : Looking for @ControllerAdvice: org.springframework.boot.web.servlet.context.AnnotationConfigServletWebServerApplicationContext@499b2a5c: startup date [Thu Sep 19 21:31:07 CST 2019]; parent: org.springframework.context.annotation.AnnotationConfigApplicationContext@560348e6
2019-09-19 21:31:12.337  INFO 4480 --- [main] s.w.s.m.m.a.RequestMappingHandlerMapping : Mapped "{[/nameFromLocal]}" onto public java.lang.String com.example.zhtSpringCloudConfigClient.controllers.PropertiesController.getName()
2019-09-19 21:31:12.338  INFO 4480 --- [main] s.w.s.m.m.a.RequestMappingHandlerMapping : Mapped "{[/getFromGit]}" onto public java.lang.String com.example.zhtSpringCloudConfigClient.controllers.PropertiesController.test()
2019-09-19 21:31:12.339  INFO 4480 --- [main] s.w.s.m.m.a.RequestMappingHandlerMapping : Mapped "{[/ageFromLocal]}" onto public java.lang.Long com.example.zhtSpringCloudConfigClient.controllers.PropertiesController.getAge()
2019-09-19 21:31:12.342  INFO 4480 --- [main] s.w.s.m.m.a.RequestMappingHandlerMapping : Mapped "{[/error]}" onto public org.springframework.http.ResponseEntity<java.util.Map<java.lang.String, java.lang.Object>> org.springframework.boot.autoconfigure.web.servlet.error.BasicErrorController.error(javax.servlet.http.HttpServletRequest)
2019-09-19 21:31:12.343  INFO 4480 --- [main] s.w.s.m.m.a.RequestMappingHandlerMapping : Mapped "{[/error],produces=[text/html]}" onto public org.springframework.web.servlet.ModelAndView org.springframework.boot.autoconfigure.web.servlet.error.BasicErrorController.errorHtml(javax.servlet.http.HttpServletRequest,javax.servlet.http.HttpServletResponse)
2019-09-19 21:31:12.405  INFO 4480 --- [main] o.s.w.s.handler.SimpleUrlHandlerMapping  : Mapped URL path [/webjars/**] onto handler of type [class org.springframework.web.servlet.resource.ResourceHttpRequestHandler]
2019-09-19 21:31:12.406  INFO 4480 --- [main] o.s.w.s.handler.SimpleUrlHandlerMapping  : Mapped URL path [/**] onto handler of type [class org.springframework.web.servlet.resource.ResourceHttpRequestHandler]
2019-09-19 21:31:12.529  WARN 4480 --- [main] ion$DefaultTemplateResolverConfiguration : Cannot find template location: classpath:/templates/ (please add some templates or check your Thymeleaf configuration)
2019-09-19 21:31:13.224  INFO 4480 --- [main] o.s.s.c.ThreadPoolTaskScheduler          : Initializing ExecutorService  'taskScheduler'
2019-09-19 21:31:14.022  INFO 4480 --- [main] o.s.j.e.a.AnnotationMBeanExporter        : Registering beans for JMX exposure on startup
2019-09-19 21:31:14.039  INFO 4480 --- [main] o.s.j.e.a.AnnotationMBeanExporter        : Bean with name 'rabbitConnectionFactory' has been autodetected for JMX exposure
2019-09-19 21:31:14.040  INFO 4480 --- [main] o.s.j.e.a.AnnotationMBeanExporter        : Bean with name 'integrationMbeanExporter' has been autodetected for JMX exposure
2019-09-19 21:31:14.041  INFO 4480 --- [main] o.s.j.e.a.AnnotationMBeanExporter        : Bean with name 'refreshScope' has been autodetected for JMX exposure
2019-09-19 21:31:14.042  INFO 4480 --- [main] o.s.j.e.a.AnnotationMBeanExporter        : Bean with name 'configurationPropertiesRebinder' has been autodetected for JMX exposure
2019-09-19 21:31:14.043  INFO 4480 --- [main] o.s.j.e.a.AnnotationMBeanExporter        : Bean with name 'environmentManager' has been autodetected for JMX exposure
2019-09-19 21:31:14.049  INFO 4480 --- [main] o.s.j.e.a.AnnotationMBeanExporter        : Located managed bean 'environmentManager': registering with JMX server as MBean [org.springframework.cloud.context.environment:name=environmentManager,type=EnvironmentManager]
2019-09-19 21:31:14.070  INFO 4480 --- [main] o.s.j.e.a.AnnotationMBeanExporter        : Located managed bean 'refreshScope': registering with JMX server as MBean [org.springframework.cloud.context.scope.refresh:name=refreshScope,type=RefreshScope]
2019-09-19 21:31:14.084  INFO 4480 --- [main] o.s.j.e.a.AnnotationMBeanExporter        : Located managed bean 'integrationMbeanExporter': registering with JMX server as MBean [org.springframework.integration.monitor:name=integrationMbeanExporter,type=IntegrationMBeanExporter]
2019-09-19 21:31:14.128  INFO 4480 --- [main] o.s.j.e.a.AnnotationMBeanExporter        : Located managed bean 'configurationPropertiesRebinder': registering with JMX server as MBean [org.springframework.cloud.context.properties:name=configurationPropertiesRebinder,context=499b2a5c,type=ConfigurationPropertiesRebinder]
2019-09-19 21:31:14.149  INFO 4480 --- [main] o.s.j.e.a.AnnotationMBeanExporter        : Located managed bean 'rabbitConnectionFactory': registering with JMX server as MBean [org.springframework.amqp.rabbit.connection:name=rabbitConnectionFactory,type=CachingConnectionFactory]
2019-09-19 21:31:14.170  INFO 4480 --- [main] o.s.i.monitor.IntegrationMBeanExporter   : Registering beans for JMX exposure on startup
2019-09-19 21:31:14.171  INFO 4480 --- [main] o.s.i.monitor.IntegrationMBeanExporter   : Registering MessageChannel springCloudBusOutput
2019-09-19 21:31:14.175  INFO 4480 --- [main] o.s.i.monitor.IntegrationMBeanExporter   : Located managed bean 'org.springframework.integration:type=MessageChannel,name=springCloudBusOutput': registering with JMX server as MBean [org.springframework.integration:type=MessageChannel,name=springCloudBusOutput]
2019-09-19 21:31:14.215  INFO 4480 --- [main] o.s.i.monitor.IntegrationMBeanExporter   : Registering MessageChannel errorChannel
2019-09-19 21:31:14.217  INFO 4480 --- [main] o.s.i.monitor.IntegrationMBeanExporter   : Located managed bean 'org.springframework.integration:type=MessageChannel,name=errorChannel': registering with JMX server as MBean [org.springframework.integration:type=MessageChannel,name=errorChannel]
2019-09-19 21:31:14.271  INFO 4480 --- [main] o.s.i.monitor.IntegrationMBeanExporter   : Registering MessageChannel springCloudBusInput
2019-09-19 21:31:14.275  INFO 4480 --- [main] o.s.i.monitor.IntegrationMBeanExporter   : Located managed bean 'org.springframework.integration:type=MessageChannel,name=springCloudBusInput': registering with JMX server as MBean [org.springframework.integration:type=MessageChannel,name=springCloudBusInput]
2019-09-19 21:31:14.326  INFO 4480 --- [main] o.s.i.monitor.IntegrationMBeanExporter   : Registering MessageChannel nullChannel
2019-09-19 21:31:14.327  INFO 4480 --- [main] o.s.i.monitor.IntegrationMBeanExporter   : Located managed bean 'org.springframework.integration:type=MessageChannel,name=nullChannel': registering with JMX server as MBean [org.springframework.integration:type=MessageChannel,name=nullChannel]
2019-09-19 21:31:14.355  INFO 4480 --- [main] o.s.i.monitor.IntegrationMBeanExporter   : Registering MessageHandler errorLogger
2019-09-19 21:31:14.356  INFO 4480 --- [main] o.s.i.monitor.IntegrationMBeanExporter   : Located managed bean 'org.springframework.integration:type=MessageHandler,name=errorLogger,bean=internal': registering with JMX server as MBean [org.springframework.integration:type=MessageHandler,name=errorLogger,bean=internal]
2019-09-19 21:31:14.424  INFO 4480 --- [main] o.s.integration.channel.DirectChannel    : Channel 'tRetailAPI-1.springCloudBusInput' has 1 subscriber(s).
2019-09-19 21:31:14.427  INFO 4480 --- [main] o.s.c.support.DefaultLifecycleProcessor  : Starting beans in phase -2147482648
2019-09-19 21:31:14.491  INFO 4480 --- [main] c.c.c.ConfigServicePropertySourceLocator : Fetching config from server at : http://localhost:9876
2019-09-19 21:31:16.125  INFO 4480 --- [main] c.c.c.ConfigServicePropertySourceLocator : Located environment: name=tRetailAPI, profiles=[default], label=master, version=e8383d95eff84d2d859737fcc6b77d00fdb98843, state=null
2019-09-19 21:31:16.125  INFO 4480 --- [main] b.c.PropertySourceBootstrapConfiguration : Located property source: CompositePropertySource {name='configService', propertySources=[MapPropertySource {name='configClient'}, MapPropertySource {name='https://github.com/zhaoheting/Spring-Cloud-Config-Example/tRetailAPI.properties'}]}
2019-09-19 21:31:16.144  INFO 4480 --- [main] s.c.a.AnnotationConfigApplicationContext : Refreshing org.springframework.context.annotation.AnnotationConfigApplicationContext@37c7766e: startup date [Thu Sep 19 21:31:16 CST 2019]; parent: org.springframework.boot.web.servlet.context.AnnotationConfigServletWebServerApplicationContext@499b2a5c
2019-09-19 21:31:16.301  INFO 4480 --- [main] o.s.c.support.GenericApplicationContext  : Refreshing org.springframework.context.support.GenericApplicationContext@39c87b42: startup date [Thu Sep 19 21:31:16 CST 2019]; root of context hierarchy
2019-09-19 21:31:16.573  INFO 4480 --- [main] o.s.a.r.c.CachingConnectionFactory       : Attempting to connect to: [192.168.0.102:5672]
2019-09-19 21:31:16.680  INFO 4480 --- [main] o.s.a.r.c.CachingConnectionFactory       : Created new connection: rabbitConnectionFactory#58f2466c:0/SimpleConnection@65f3e805 [delegate=amqp://admin@192.168.0.102:5672/, localPort= 52389]
2019-09-19 21:31:16.755  INFO 4480 --- [main] o.s.integration.channel.DirectChannel    : Channel 'tRetailAPI-1.springCloudBusOutput' has 1 subscriber(s).
2019-09-19 21:31:16.760  INFO 4480 --- [main] o.s.c.support.DefaultLifecycleProcessor  : Starting beans in phase 0
2019-09-19 21:31:16.760  INFO 4480 --- [main] o.s.i.endpoint.EventDrivenConsumer       : Adding {logging-channel-adapter:_org.springframework.integration.errorLogger} as a subscriber to the 'errorChannel' channel
2019-09-19 21:31:16.760  INFO 4480 --- [main] o.s.i.channel.PublishSubscribeChannel    : Channel 'tRetailAPI-1.errorChannel' has 1 subscriber(s).
2019-09-19 21:31:16.761  INFO 4480 --- [main] o.s.i.endpoint.EventDrivenConsumer       : started _org.springframework.integration.errorLogger
2019-09-19 21:31:16.761  INFO 4480 --- [main] o.s.c.support.DefaultLifecycleProcessor  : Starting beans in phase 2147482647
2019-09-19 21:31:16.807  INFO 4480 --- [main] c.s.b.r.p.RabbitExchangeQueueProvisioner : declaring queue for inbound: springCloudBus.anonymous.tSzJuik4QAa_cTVz8lYI2w, bound to: springCloudBus
2019-09-19 21:31:16.883  INFO 4480 --- [main] o.s.c.stream.binder.BinderErrorChannel   : Channel 'tRetailAPI-1.springCloudBus.anonymous.tSzJuik4QAa_cTVz8lYI2w.errors' has 1 subscriber(s).
2019-09-19 21:31:16.885  INFO 4480 --- [main] o.s.c.stream.binder.BinderErrorChannel   : Channel 'tRetailAPI-1.springCloudBus.anonymous.tSzJuik4QAa_cTVz8lYI2w.errors' has 2 subscriber(s).
2019-09-19 21:31:16.945  INFO 4480 --- [main] o.s.i.a.i.AmqpInboundChannelAdapter      : started inbound.springCloudBus.anonymous.tSzJuik4QAa_cTVz8lYI2w
2019-09-19 21:31:16.947  INFO 4480 --- [main] o.s.c.support.DefaultLifecycleProcessor  : Starting beans in phase 2147483647
2019-09-19 21:31:17.055  INFO 4480 --- [main] o.s.b.w.embedded.tomcat.TomcatWebServer  : Tomcat started on port(s): 8081 (http) with context path ''
2019-09-19 21:31:17.063  INFO 4480 --- [main] .z.ZhtSpringCloudConfigClientApplication : Started ZhtSpringCloudConfigClientApplication in 13.335 seconds (JVM running for 15.12)
2019-09-19 21:34:44.653  INFO 4480 --- [http-nio-8081-exec-2] o.a.c.c.C.[Tomcat].[localhost].[/]       : Initializing Spring FrameworkServlet 'dispatcherServlet'
2019-09-19 21:34:44.653  INFO 4480 --- [http-nio-8081-exec-2] o.s.web.servlet.DispatcherServlet        : FrameworkServlet 'dispatcherServlet': initialization started
2019-09-19 21:34:44.679  INFO 4480 --- [http-nio-8081-exec-2] o.s.web.servlet.DispatcherServlet        : FrameworkServlet 'dispatcherServlet': initialization completed in 26 ms
2019-09-19 22:37:11.965  INFO 4480 --- [Thread-7] ConfigServletWebServerApplicationContext : Closing org.springframework.boot.web.servlet.context.AnnotationConfigServletWebServerApplicationContext@499b2a5c: startup date [Thu Sep 19 21:31:07 CST 2019]; parent: org.springframework.context.annotation.AnnotationConfigApplicationContext@560348e6
2019-09-19 22:37:12.013  INFO 4480 --- [Thread-7] s.c.a.AnnotationConfigApplicationContext : Closing org.springframework.context.annotation.AnnotationConfigApplicationContext@37c7766e: startup date [Thu Sep 19 21:31:16 CST 2019]; parent: org.springframework.boot.web.servlet.context.AnnotationConfigServletWebServerApplicationContext@499b2a5c
2019-09-19 22:37:12.059  INFO 4480 --- [Thread-7] o.s.c.support.DefaultLifecycleProcessor  : Stopping beans in phase 2147483647
2019-09-19 22:37:12.061  INFO 4480 --- [Thread-7] o.s.c.support.DefaultLifecycleProcessor  : Stopping beans in phase 2147482647
2019-09-19 22:37:12.101  INFO 4480 --- [Thread-7] o.s.a.r.l.SimpleMessageListenerContainer : Waiting for workers to finish.
2019-09-19 22:37:12.290  INFO 4480 --- [Thread-7] o.s.a.r.l.SimpleMessageListenerContainer : Successfully waited for workers to finish.
2019-09-19 22:37:12.290  INFO 4480 --- [Thread-7] o.s.i.a.i.AmqpInboundChannelAdapter      : stopped inbound.springCloudBus.anonymous.tSzJuik4QAa_cTVz8lYI2w
2019-09-19 22:37:12.293  INFO 4480 --- [Thread-7] o.s.c.stream.binder.BinderErrorChannel   : Channel 'tRetailAPI-1.springCloudBus.anonymous.tSzJuik4QAa_cTVz8lYI2w.errors' has 1 subscriber(s).
2019-09-19 22:37:12.293  INFO 4480 --- [Thread-7] o.s.c.stream.binder.BinderErrorChannel   : Channel 'tRetailAPI-1.springCloudBus.anonymous.tSzJuik4QAa_cTVz8lYI2w.errors' has 0 subscriber(s).
2019-09-19 22:37:12.294  INFO 4480 --- [Thread-7] o.s.c.support.DefaultLifecycleProcessor  : Stopping beans in phase 0
2019-09-19 22:37:12.301  INFO 4480 --- [Thread-7] o.s.i.endpoint.EventDrivenConsumer       : Removing {logging-channel-adapter:_org.springframework.integration.errorLogger} as a subscriber to the 'errorChannel' channel
2019-09-19 22:37:12.303  INFO 4480 --- [Thread-7] o.s.i.channel.PublishSubscribeChannel    : Channel 'tRetailAPI-1.errorChannel' has 0 subscriber(s).
2019-09-19 22:37:12.303  INFO 4480 --- [Thread-7] o.s.i.endpoint.EventDrivenConsumer       : stopped _org.springframework.integration.errorLogger
2019-09-19 22:37:12.307  INFO 4480 --- [Thread-7] o.s.c.support.DefaultLifecycleProcessor  : Stopping beans in phase -2147482648
2019-09-19 22:37:12.318  INFO 4480 --- [Thread-7] o.s.s.c.ThreadPoolTaskScheduler          : Shutting down ExecutorService 'taskScheduler'
2019-09-19 22:37:12.319  INFO 4480 --- [Thread-7] o.s.i.monitor.IntegrationMBeanExporter   : Unregistering JMX-exposed beans on shutdown
2019-09-19 22:37:12.322  INFO 4480 --- [Thread-7] o.s.i.monitor.IntegrationMBeanExporter   : Unregistering JMX-exposed beans
2019-09-19 22:37:12.326  INFO 4480 --- [Thread-7] o.s.i.monitor.IntegrationMBeanExporter   : Summary on shutdown: springCloudBusOutput
2019-09-19 22:37:12.327  INFO 4480 --- [Thread-7] o.s.i.monitor.IntegrationMBeanExporter   : Summary on shutdown: errorChannel
2019-09-19 22:37:12.327  INFO 4480 --- [Thread-7] o.s.i.monitor.IntegrationMBeanExporter   : Summary on shutdown: springCloudBusInput
2019-09-19 22:37:12.327  INFO 4480 --- [Thread-7] o.s.i.monitor.IntegrationMBeanExporter   : Summary on shutdown: nullChannel
2019-09-19 22:37:12.328  INFO 4480 --- [Thread-7] o.s.i.monitor.IntegrationMBeanExporter   : Summary on shutdown: _org.springframework.integration.errorLogger.handler
2019-09-19 22:37:12.339  INFO 4480 --- [Thread-7] o.s.j.e.a.AnnotationMBeanExporter        : Unregistering JMX-exposed beans on shutdown
2019-09-19 22:37:12.340  INFO 4480 --- [Thread-7] o.s.j.e.a.AnnotationMBeanExporter        : Unregistering JMX-exposed beans
